0 info it worked if it ends with ok
1 verbose cli [ 'C:\\Program Files\\nodejs\\node.exe',
1 verbose cli   'C:\\Program Files\\nodejs\\node_modules\\npm\\bin\\npm-cli.js',
1 verbose cli   'run',
1 verbose cli   'build' ]
2 info using npm@4.1.2
3 info using node@v7.7.4
4 verbose run-script [ 'prebuild', 'build', 'postbuild' ]
5 info lifecycle webpack-demo@1.0.0~prebuild: webpack-demo@1.0.0
6 silly lifecycle webpack-demo@1.0.0~prebuild: no script for prebuild, continuing
7 info lifecycle webpack-demo@1.0.0~build: webpack-demo@1.0.0
8 verbose lifecycle webpack-demo@1.0.0~build: unsafe-perm in lifecycle true
9 verbose lifecycle webpack-demo@1.0.0~build: PATH: C:\Program Files\nodejs\node_modules\npm\bin\node-gyp-bin;C:\Users\chuku\Documents\FrontEnd\supermap\MeteDesign\node_modules\.bin;C:\Program Files\ImageMagick-7.0.5-Q16;c:\program files (x86)\graphicsmagick-1.3.25-q16;C:\ProgramData\Oracle\Java\javapath;C:\Program Files (x86)\Common Files\NetSarang;C:\Program Files (x86)\Intel\iCLS Client\;C:\Program Files\Intel\iCLS Client\;C:\Windows\system32;C:\Windows;C:\Windows\System32\Wbem;C:\Windows\System32\WindowsPowerShell\v1.0\;C:\Program Files (x86)\NVIDIA Corporation\PhysX\Common;C:\Program Files (x86)\Intel\Intel(R) Management Engine Components\DAL;C:\Program Files\Intel\Intel(R) Management Engine Components\DAL;C:\Program Files (x86)\Intel\Intel(R) Management Engine Components\IPT;C:\Program Files\Intel\Intel(R) Management Engine Components\IPT;C:\Program Files\Intel\WiFi\bin\;C:\Program Files\Common Files\Intel\WirelessCommon\;C:\Program Files\Git\cmd;C:\Python27\;C:\Users\chuku\.dnx\bin;C:\Program Files\Microsoft DNX\Dnvm\;C:\Program Files\Microsoft SQL Server\120\Tools\Binn\;C:\Program Files\Microsoft SQL Server\130\Tools\Binn\;C:\Program Files\MySQL\MySQL Utilities 1.6\;C:\Program Files\OpenVPN\bin;C:\Program Files (x86)\Tesseract-OCR;C:\Program Files\nodejs\;C:\WINDOWS\system32;C:\WINDOWS;C:\WINDOWS\System32\Wbem;C:\WINDOWS\System32\WindowsPowerShell\v1.0\;C:\Program Files\MongoDB\Server\3.4\bin;C:\cmder;C:\Program Files (x86)\Microsoft VS Code\bin;C:\Python27\;C:\Users\chuku\AppData\Local\.meteor\;C:\Users\chuku\AppData\Roaming\npm;%USERPROFILE%\AppData\Local\Microsoft\WindowsApps;
10 verbose lifecycle webpack-demo@1.0.0~build: CWD: C:\Users\chuku\Documents\FrontEnd\supermap\MeteDesign
11 silly lifecycle webpack-demo@1.0.0~build: Args: [ '/d /s /c',
11 silly lifecycle   'webpack --env.production --env.platform=web --config webpack.config.js' ]
12 silly lifecycle webpack-demo@1.0.0~build: Returned: code: 1  signal: null
13 info lifecycle webpack-demo@1.0.0~build: Failed to exec build script
14 verbose stack Error: webpack-demo@1.0.0 build: `webpack --env.production --env.platform=web --config webpack.config.js`
14 verbose stack Exit status 1
14 verbose stack     at EventEmitter.<anonymous> (C:\Program Files\nodejs\node_modules\npm\lib\utils\lifecycle.js:279:16)
14 verbose stack     at emitTwo (events.js:106:13)
14 verbose stack     at EventEmitter.emit (events.js:194:7)
14 verbose stack     at ChildProcess.<anonymous> (C:\Program Files\nodejs\node_modules\npm\lib\utils\spawn.js:40:14)
14 verbose stack     at emitTwo (events.js:106:13)
14 verbose stack     at ChildProcess.emit (events.js:194:7)
14 verbose stack     at maybeClose (internal/child_process.js:899:16)
14 verbose stack     at Process.ChildProcess._handle.onexit (internal/child_process.js:226:5)
15 verbose pkgid webpack-demo@1.0.0
16 verbose cwd C:\Users\chuku\Documents\FrontEnd\supermap\MeteDesign
17 error Windows_NT 10.0.15063
18 error argv "C:\\Program Files\\nodejs\\node.exe" "C:\\Program Files\\nodejs\\node_modules\\npm\\bin\\npm-cli.js" "run" "build"
19 error node v7.7.4
20 error npm  v4.1.2
21 error code ELIFECYCLE
22 error webpack-demo@1.0.0 build: `webpack --env.production --env.platform=web --config webpack.config.js`
22 error Exit status 1
23 error Failed at the webpack-demo@1.0.0 build script 'webpack --env.production --env.platform=web --config webpack.config.js'.
23 error Make sure you have the latest version of node.js and npm installed.
23 error If you do, this is most likely a problem with the webpack-demo package,
23 error not with npm itself.
23 error Tell the author that this fails on your system:
23 error     webpack --env.production --env.platform=web --config webpack.config.js
23 error You can get information on how to open an issue for this project with:
23 error     npm bugs webpack-demo
23 error Or if that isn't available, you can get their info via:
23 error     npm owner ls webpack-demo
23 error There is likely additional logging output above.
24 verbose exit [ 1, true ]
